Cash_Manager_App/app/build/intermediates/manifest_merge_blame_file/debug/manifest-merger-blame-debug-report.txt
1<?xml version="1.0" encoding="utf-8"?>
2<manifest xmlns:android="http://schemas.android.com/apk/res/android"
3    package="com.cash_manager_app"
4    android:versionCode="1"
5    android:versionName="1.0" >
6
7    <uses-sdk
8        android:minSdkVersion="27"
8-->src\main\AndroidManifest.xml
9        android:targetSdkVersion="29" />
9-->src\main\AndroidManifest.xml
10
11    <uses-permission android:name="android.permission.INTERNET" />
11-->src\main\AndroidManifest.xml:5:5-67
11-->src\main\AndroidManifest.xml:5:22-64
12    <uses-permission android:name="android.permission.CAMERA" />
12-->src\main\AndroidManifest.xml:6:5-65
12-->src\main\AndroidManifest.xml:6:22-62
13
14    <application
14-->src\main\AndroidManifest.xml:8:5-33:19
15        android:allowBackup="true"
15-->src\main\AndroidManifest.xml:9:9-35
16        android:appComponentFactory="androidx.core.app.CoreComponentFactory"
16-->[androidx.core:core:1.3.2] AndroidManifest.xml:24:18-86
17        android:debuggable="true"
18        android:extractNativeLibs="false"
19        android:icon="@mipmap/ic_launcher"
19-->src\main\AndroidManifest.xml:10:9-43
20        android:label="@string/app_name"
20-->src\main\AndroidManifest.xml:11:9-41
21        android:roundIcon="@mipmap/ic_launcher_round"
21-->src\main\AndroidManifest.xml:12:9-54
22        android:supportsRtl="true"
22-->src\main\AndroidManifest.xml:13:9-35
23        android:testOnly="true"
24        android:theme="@style/Theme.Cash_Manager_App" >
24-->src\main\AndroidManifest.xml:14:9-54
25        <activity
25-->src\main\AndroidManifest.xml:15:9-23:20
26            android:name="com.cash_manager_app.ui.Login"
26-->src\main\AndroidManifest.xml:16:13-37
27            android:label="@string/app_name" >
27-->src\main\AndroidManifest.xml:17:13-45
28            <intent-filter>
28-->src\main\AndroidManifest.xml:18:13-22:29
29                <action android:name="android.intent.action.MAIN" />
29-->src\main\AndroidManifest.xml:19:17-69
29-->src\main\AndroidManifest.xml:19:25-66
30
31                <category android:name="android.intent.category.LAUNCHER" />
31-->src\main\AndroidManifest.xml:21:17-77
31-->src\main\AndroidManifest.xml:21:27-74
32            </intent-filter>
33        </activity>
34        <activity
34-->src\main\AndroidManifest.xml:24:9-26:54
35            android:name="com.cash_manager_app.MainActivity"
35-->src\main\AndroidManifest.xml:25:13-41
36            android:parentActivityName="com.cash_manager_app.ui.Login" />
36-->src\main\AndroidManifest.xml:26:13-51
37        <activity
37-->src\main\AndroidManifest.xml:27:9-29:57
38            android:name="com.cash_manager_app.MainActivityConnected"
38-->src\main\AndroidManifest.xml:28:13-50
39            android:parentActivityName="com.cash_manager_app.MainActivity" />
39-->src\main\AndroidManifest.xml:29:13-55
40        <activity
40-->src\main\AndroidManifest.xml:30:9-32:57
41            android:name="com.cash_manager_app.ui.payement.QrcodeScannerActivity"
41-->src\main\AndroidManifest.xml:31:13-62
42            android:parentActivityName="com.cash_manager_app.MainActivity" />
42-->src\main\AndroidManifest.xml:32:13-55
43
44        <service
44-->[androidx.room:room-runtime:2.2.5] AndroidManifest.xml:25:9-28:40
45            android:name="androidx.room.MultiInstanceInvalidationService"
45-->[androidx.room:room-runtime:2.2.5] AndroidManifest.xml:26:13-74
46            android:directBootAware="true"
46-->[androidx.room:room-runtime:2.2.5] AndroidManifest.xml:27:13-43
47            android:exported="false" />
47-->[androidx.room:room-runtime:2.2.5] AndroidManifest.xml:28:13-37
48    </application>
49
50</manifest>